<?xml version="1.0" encoding="UTF-8"?>
<!-- Generated by org.testng.reporters.JUnitReportReporter -->
<testsuite hostname="DESKTOP-NHN1E61" failures="0" tests="3" name="com.actitime.testscript.ProjectModule" time="0.020" errors="0" timestamp="2023-10-04T15:25:47 IST" skipped="0">
  <testcase classname="com.actitime.testscript.ProjectModule" name="deleteProject" time="0.005"/>
  <system-out>
    <![CDATA[deleteProject]]>
  </system-out>
  <testcase classname="com.actitime.testscript.ProjectModule" name="createProject" time="0.010"/>
  <system-out>
    <![CDATA[createProject]]>
  </system-out>
  <testcase classname="com.actitime.testscript.ProjectModule" name="modifyProject" time="0.005"/>
  <system-out>
    <![CDATA[modifyProject]]>
  </system-out>
</testsuite> <!-- com.actitime.testscript.ProjectModule -->
