<?xml version="1.0" encoding="UTF-8"?>
<!-- Generated by org.testng.reporters.JUnitReportReporter -->
<testsuite hostname="DESKTOP-NHN1E61" failures="0" tests="4" name="practice.Demo2" time="0.018" errors="0" timestamp="2023-10-03T14:21:09 IST" skipped="0">
  <testcase classname="practice.Demo2" name="demoB" time="0.011"/>
  <system-out/>
  <testcase classname="practice.Demo2" name="demoC" time="0.004"/>
  <system-out/>
  <testcase classname="practice.Demo2" name="demoC" time="0.002"/>
  <system-out/>
  <testcase classname="practice.Demo2" name="demoA" time="0.001"/>
  <system-out/>
</testsuite> <!-- practice.Demo2 -->
