<?xml version="1.0" encoding="UTF-8"?>
<!-- Generated by org.testng.reporters.JUnitReportReporter -->
<testsuite hostname="DESKTOP-NHN1E61" failures="0" tests="1" name="com.actitime.testscript.TaskModule" time="0.004" errors="0" timestamp="2023-10-04T15:25:47 IST" skipped="0">
  <testcase classname="com.actitime.testscript.TaskModule" name="deleteTask" time="0.004"/>
  <system-out>
    <![CDATA[deleteTask]]>
  </system-out>
</testsuite> <!-- com.actitime.testscript.TaskModule -->
