<?xml version="1.0" encoding="UTF-8"?>
<!-- Generated by org.testng.reporters.JUnitReportReporter -->
<testsuite hostname="DESKTOP-NHN1E61" failures="0" tests="1" name="practice.VerifyTitle" time="7.248" errors="0" timestamp="2023-10-03T16:45:18 IST" skipped="0">
  <testcase classname="practice.VerifyTitle" name="google" time="7.248"/>
  <system-out/>
</testsuite> <!-- practice.VerifyTitle -->
