<?xml version="1.0" encoding="UTF-8"?>
<!-- Generated by org.testng.reporters.JUnitReportReporter -->
<testsuite hostname="DESKTOP-NHN1E61" failures="0" tests="4" name="practice.demo01" time="0.021" errors="0" timestamp="2023-10-03T13:31:25 IST" skipped="0">
  <testcase classname="practice.demo01" name="sheela" time="0.003"/>
  <system-out/>
  <testcase classname="practice.demo01" name="name" time="0.004"/>
  <system-out/>
  <testcase classname="practice.demo01" name="Manga" time="0.012"/>
  <system-out/>
  <testcase classname="practice.demo01" name="dinga" time="0.002"/>
  <system-out/>
</testsuite> <!-- practice.demo01 -->
